[2021-02-28 15:33:11] merlin-logger.DEBUG: The welcome step has been displayed [] []
[2021-02-28 15:33:16] merlin-logger.DEBUG: The child theme installation step has been displayed [] []
[2021-02-28 15:33:24] merlin-logger.DEBUG: The plugin installation step has been displayed [] []
[2021-02-28 15:33:28] merlin-logger.DEBUG: The content import step has been displayed [] []
[2021-02-28 15:33:59] merlin-logger.INFO: The content import AJAX call will be executed with this import data {"title":"Content","data":"/home/citycomputer/public_html/wp-content/themes/ekommart/dummy-data/content.xml"} []
[2021-02-28 15:33:59] merlin-logger.INFO: Imported "Marketplace" (category) [] []
[2021-02-28 15:33:59] merlin-logger.DEBUG: Term 48 remapped to 36 [] []
[2021-02-28 15:33:59] merlin-logger.INFO: Imported "Non classifié(e)" (category) [] []
[2021-02-28 15:33:59] merlin-logger.DEBUG: Term 66 remapped to 37 [] []
[2021-02-28 15:33:59] merlin-logger.INFO: Imported "Other" (category) [] []
[2021-02-28 15:33:59] merlin-logger.DEBUG: Term 47 remapped to 38 [] []
[2021-02-28 15:33:59] merlin-logger.INFO: Imported "Uncategorized @hi" (category) [] []
[2021-02-28 15:33:59] merlin-logger.DEBUG: Term 67 remapped to 39 [] []
[2021-02-28 15:33:59] merlin-logger.INFO: Imported "Uncategorized @vi" (category) [] []
[2021-02-28 15:33:59] merlin-logger.DEBUG: Term 68 remapped to 40 [] []
[2021-02-28 15:33:59] merlin-logger.INFO: Imported "blogs" (post_tag) [] []
[2021-02-28 15:33:59] merlin-logger.DEBUG: Term 54 remapped to 41 [] []
[2021-02-28 15:33:59] merlin-logger.INFO: Imported "business" (post_tag) [] []
[2021-02-28 15:33:59] merlin-logger.DEBUG: Term 57 remapped to 42 [] []
[2021-02-28 15:33:59] merlin-logger.INFO: Imported "news" (post_tag) [] []
[2021-02-28 15:33:59] merlin-logger.DEBUG: Term 56 remapped to 43 [] []
[2021-02-28 15:33:59] merlin-logger.INFO: Imported "posts" (post_tag) [] []
[2021-02-28 15:33:59] merlin-logger.DEBUG: Term 55 remapped to 44 [] []
[2021-02-28 15:33:59] merlin-logger.INFO: Imported "All Departments" (nav_menu) [] []
[2021-02-28 15:33:59] merlin-logger.DEBUG: Term 35 remapped to 45 [] []
[2021-02-28 15:33:59] merlin-logger.INFO: Imported "Ekommart Main Menu" (nav_menu) [] []
[2021-02-28 15:33:59] merlin-logger.DEBUG: Term 26 remapped to 46 [] []
[2021-02-28 15:33:59] merlin-logger.INFO: Imported "Menu Footer 1" (nav_menu) [] []
[2021-02-28 15:33:59] merlin-logger.DEBUG: Term 32 remapped to 47 [] []
[2021-02-28 15:33:59] merlin-logger.INFO: Imported "Menu Footer 2" (nav_menu) [] []
[2021-02-28 15:33:59] merlin-logger.DEBUG: Term 33 remapped to 48 [] []
[2021-02-28 15:33:59] merlin-logger.INFO: Imported "Menu Footer 3" (nav_menu) [] []
[2021-02-28 15:33:59] merlin-logger.DEBUG: Term 34 remapped to 49 [] []
[2021-02-28 15:33:59] merlin-logger.INFO: Imported "12" (pa_numeric-size) [] []
[2021-02-28 15:33:59] merlin-logger.DEBUG: Term 159 remapped to 50 [] []
[2021-02-28 15:33:59] merlin-logger.INFO: Imported "14" (pa_numeric-size) [] []
[2021-02-28 15:33:59] merlin-logger.DEBUG: Term 158 remapped to 51 [] []
[2021-02-28 15:33:59] merlin-logger.INFO: Imported "17" (pa_numeric-size) [] []
[2021-02-28 15:33:59] merlin-logger.DEBUG: Term 163 remapped to 52 [] []
[2021-02-28 15:33:59] merlin-logger.INFO: Imported "20" (pa_numeric-size) [] []
[2021-02-28 15:33:59] merlin-logger.DEBUG: Term 131 remapped to 53 [] []
[2021-02-28 15:33:59] merlin-logger.INFO: Imported "6" (pa_numeric-size) [] []
[2021-02-28 15:33:59] merlin-logger.DEBUG: Term 157 remapped to 54 [] []
[2021-02-28 15:33:59] merlin-logger.INFO: Imported "8" (pa_numeric-size) [] []
[2021-02-28 15:33:59] merlin-logger.DEBUG: Term 160 remapped to 55 [] []
[2021-02-28 15:33:59] merlin-logger.INFO: Imported "9" (pa_numeric-size) [] []
[2021-02-28 15:33:59] merlin-logger.DEBUG: Term 161 remapped to 56 [] []
[2021-02-28 15:33:59] merlin-logger.INFO: Imported "ab" (product_tag) [] []
[2021-02-28 15:33:59] merlin-logger.DEBUG: Term 141 remapped to 57 [] []
[2021-02-28 15:33:59] merlin-logger.INFO: Imported "accusantium" (product_tag) [] []
[2021-02-28 15:33:59] merlin-logger.DEBUG: Term 213 remapped to 58 [] []
[2021-02-28 15:33:59] merlin-logger.INFO: Imported "aliquam" (product_tag) [] []
[2021-02-28 15:33:59] merlin-logger.DEBUG: Term 130 remapped to 59 [] []
[2021-02-28 15:33:59] merlin-logger.INFO: Imported "aperiam" (product_tag) [] []
[2021-02-28 15:33:59] merlin-logger.DEBUG: Term 191 remapped to 60 [] []
[2021-02-28 15:33:59] merlin-logger.INFO: Imported "architecto" (product_tag) [] []
[2021-02-28 15:33:59] merlin-logger.DEBUG: Term 112 remapped to 61 [] []
[2021-02-28 15:33:59] merlin-logger.INFO: Imported "assumenda" (product_tag) [] []
[2021-02-28 15:33:59] merlin-logger.DEBUG: Term 167 remapped to 62 [] []
[2021-02-28 15:33:59] merlin-logger.INFO: Imported "at" (product_tag) [] []
[2021-02-28 15:33:59] merlin-logger.DEBUG: Term 189 remapped to 63 [] []
[2021-02-28 15:33:59] merlin-logger.INFO: Imported "atque" (product_tag) [] []
[2021-02-28 15:33:59] merlin-logger.DEBUG: Term 197 remapped to 64 [] []
[2021-02-28 15:33:59] merlin-logger.INFO: Imported "aut" (product_tag) [] []
[2021-02-28 15:33:59] merlin-logger.DEBUG: Term 113 remapped to 65 [] []
[2021-02-28 15:33:59] merlin-logger.INFO: Imported "Autem quod" (pa_numeric-size) [] []
[2021-02-28 15:33:59] merlin-logger.DEBUG: Term 156 remapped to 66 [] []
[2021-02-28 15:33:59] merlin-logger.INFO: Imported "Beatae" (pa_color) [] []
[2021-02-28 15:33:59] merlin-logger.DEBUG: Term 173 remapped to 67 [] []
[2021-02-28 15:33:59] merlin-logger.INFO: Imported "beatae" (product_tag) [] []
[2021-02-28 15:33:59] merlin-logger.DEBUG: Term 198 remapped to 68 [] []
[2021-02-28 15:33:59] merlin-logger.INFO: Imported "Black" (pa_color) [] []
[2021-02-28 15:33:59] merlin-logger.DEBUG: Term 62 remapped to 69 [] []
[2021-02-28 15:33:59] merlin-logger.INFO: Imported "Blue" (pa_color) [] []
[2021-02-28 15:33:59] merlin-logger.DEBUG: Term 88 remapped to 70 [] []
[2021-02-28 15:33:59] merlin-logger.INFO: Imported "Consequatur nesciunt" (pa_color) [] []
[2021-02-28 15:33:59] merlin-logger.DEBUG: Term 175 remapped to 71 [] []
[2021-02-28 15:33:59] merlin-logger.INFO: Imported "cum" (product_tag) [] []
[2021-02-28 15:33:59] merlin-logger.DEBUG: Term 185 remapped to 72 [] []
[2021-02-28 15:33:59] merlin-logger.INFO: Imported "cupiditate" (product_tag) [] []
[2021-02-28 15:33:59] merlin-logger.DEBUG: Term 155 remapped to 73 [] []
[2021-02-28 15:33:59] merlin-logger.INFO: Imported "debitis" (product_tag) [] []
[2021-02-28 15:33:59] merlin-logger.DEBUG: Term 209 remapped to 74 [] []
[2021-02-28 15:33:59] merlin-logger.INFO: Imported "deleniti" (product_tag) [] []
[2021-02-28 15:33:59] merlin-logger.DEBUG: Term 126 remapped to 75 [] []
[2021-02-28 15:33:59] merlin-logger.INFO: Imported "doloremque" (product_tag) [] []
[2021-02-28 15:33:59] merlin-logger.DEBUG: Term 140 remapped to 76 [] []
[2021-02-28 15:33:59] merlin-logger.INFO: Imported "doloribus" (product_tag) [] []
[2021-02-28 15:33:59] merlin-logger.DEBUG: Term 110 remapped to 77 [] []
[2021-02-28 15:33:59] merlin-logger.INFO: Imported "ducimus" (product_tag) [] []
[2021-02-28 15:33:59] merlin-logger.DEBUG: Term 146 remapped to 78 [] []
[2021-02-28 15:33:59] merlin-logger.INFO: Imported "ea" (product_tag) [] []
[2021-02-28 15:33:59] merlin-logger.DEBUG: Term 149 remapped to 79 [] []
[2021-02-28 15:33:59] merlin-logger.INFO: Imported "Ea" (pa_numeric-size) [] []
[2021-02-28 15:33:59] merlin-logger.DEBUG: Term 162 remapped to 80 [] []
[2021-02-28 15:33:59] merlin-logger.INFO: Imported "Ekommart Category" (product_cat) [] []
[2021-02-28 15:33:59] merlin-logger.DEBUG: Term 232 remapped to 81 [] []
[2021-02-28 15:33:59] merlin-logger.INFO: Imported "eos" (product_tag) [] []
[2021-02-28 15:33:59] merlin-logger.DEBUG: Term 193 remapped to 82 [] []
[2021-02-28 15:33:59] merlin-logger.INFO: Imported "esse" (product_tag) [] []
[2021-02-28 15:33:59] merlin-logger.DEBUG: Term 219 remapped to 83 [] []
[2021-02-28 15:33:59] merlin-logger.INFO: Imported "et" (product_tag) [] []
[2021-02-28 15:33:59] merlin-logger.DEBUG: Term 111 remapped to 84 [] []
[2021-02-28 15:33:59] merlin-logger.INFO: Imported "Et" (pa_size) [] []
[2021-02-28 15:33:59] merlin-logger.DEBUG: Term 227 remapped to 85 [] []
[2021-02-28 15:33:59] merlin-logger.INFO: Imported "excepturi" (product_tag) [] []
[2021-02-28 15:33:59] merlin-logger.DEBUG: Term 190 remapped to 86 [] []
[2021-02-28 15:33:59] merlin-logger.INFO: Imported "footer" (elementor_library_type) [] []
[2021-02-28 15:33:59] merlin-logger.DEBUG: Term 106 remapped to 87 [] []
[2021-02-28 15:33:59] merlin-logger.INFO: Imported "Gray" (pa_color) [] []
[2021-02-28 15:33:59] merlin-logger.DEBUG: Term 64 remapped to 88 [] []
[2021-02-28 15:33:59] merlin-logger.INFO: Imported "Green" (pa_color) [] []
[2021-02-28 15:33:59] merlin-logger.DEBUG: Term 84 remapped to 89 [] []
[2021-02-28 15:33:59] merlin-logger.INFO: Imported "header" (elementor_library_type) [] []
[2021-02-28 15:33:59] merlin-logger.DEBUG: Term 105 remapped to 90 [] []
[2021-02-28 15:33:59] merlin-logger.INFO: Imported "image 1" (pa_images) [] []
[2021-02-28 15:33:59] merlin-logger.DEBUG: Term 82 remapped to 91 [] []
[2021-02-28 15:33:59] merlin-logger.INFO: Imported "incidunt" (product_tag) [] []
[2021-02-28 15:33:59] merlin-logger.DEBUG: Term 154 remapped to 92 [] []
[2021-02-28 15:33:59] merlin-logger.INFO: Imported "inventore" (product_tag) [] []
[2021-02-28 15:33:59] merlin-logger.DEBUG: Term 117 remapped to 93 [] []
[2021-02-28 15:33:59] merlin-logger.INFO: Imported "ipsa" (product_tag) [] []
[2021-02-28 15:33:59] merlin-logger.DEBUG: Term 139 remapped to 94 [] []
[2021-02-28 15:34:00] merlin-logger.INFO: Imported "ipsum" (product_tag) [] []
[2021-02-28 15:34:00] merlin-logger.DEBUG: Term 231 remapped to 95 [] []
[2021-02-28 15:34:00] merlin-logger.INFO: Imported "iure" (product_tag) [] []
[2021-02-28 15:34:00] merlin-logger.DEBUG: Term 127 remapped to 96 [] []
[2021-02-28 15:34:00] merlin-logger.INFO: Imported "L" (pa_size) [] []
[2021-02-28 15:34:00] merlin-logger.DEBUG: Term 60 remapped to 97 [] []
[2021-02-28 15:34:00] merlin-logger.INFO: Imported "Large" (pa_size) [] []
[2021-02-28 15:34:00] merlin-logger.DEBUG: Term 224 remapped to 98 [] []
[2021-02-28 15:34:00] merlin-logger.INFO: Imported "laudantium" (product_tag) [] []
[2021-02-28 15:34:00] merlin-logger.DEBUG: Term 183 remapped to 99 [] []
[2021-02-28 15:34:00] merlin-logger.INFO: Imported "libero" (product_tag) [] []
[2021-02-28 15:34:00] merlin-logger.DEBUG: Term 194 remapped to 100 [] []
[2021-02-28 15:34:00] merlin-logger.INFO: Imported "M" (pa_size) [] []
[2021-02-28 15:34:00] merlin-logger.DEBUG: Term 59 remapped to 101 [] []
[2021-02-28 15:34:00] merlin-logger.INFO: Imported "maiores" (product_tag) [] []
[2021-02-28 15:34:00] merlin-logger.DEBUG: Term 210 remapped to 102 [] []
[2021-02-28 15:34:00] merlin-logger.INFO: Imported "Medium" (pa_size) [] []
[2021-02-28 15:34:00] merlin-logger.DEBUG: Term 223 remapped to 103 [] []
[2021-02-28 15:34:00] merlin-logger.INFO: Imported "mollitia" (product_tag) [] []
[2021-02-28 15:34:00] merlin-logger.DEBUG: Term 176 remapped to 104 [] []
[2021-02-28 15:34:00] merlin-logger.INFO: Imported "nam" (product_tag) [] []
[2021-02-28 15:34:00] merlin-logger.DEBUG: Term 212 remapped to 105 [] []
[2021-02-28 15:34:00] merlin-logger.INFO: Imported "Natus" (pa_size) [] []
[2021-02-28 15:34:00] merlin-logger.DEBUG: Term 221 remapped to 106 [] []
[2021-02-28 15:34:00] merlin-logger.INFO: Imported "necessitatibus" (product_tag) [] []
[2021-02-28 15:34:00] merlin-logger.DEBUG: Term 184 remapped to 107 [] []
[2021-02-28 15:34:00] merlin-logger.INFO: Imported "omnis" (product_tag) [] []
[2021-02-28 15:34:00] merlin-logger.DEBUG: Term 204 remapped to 108 [] []
[2021-02-28 15:34:00] merlin-logger.INFO: Imported "Orange" (pa_color) [] []
[2021-02-28 15:34:00] merlin-logger.DEBUG: Term 87 remapped to 109 [] []
[2021-02-28 15:34:00] merlin-logger.INFO: Imported "page" (elementor_library_type) [] []
[2021-02-28 15:34:00] merlin-logger.DEBUG: Term 49 remapped to 110 [] []
[2021-02-28 15:34:00] merlin-logger.INFO: Imported "Purple" (pa_color) [] []
[2021-02-28 15:34:00] merlin-logger.DEBUG: Term 86 remapped to 111 [] []
[2021-02-28 15:34:00] merlin-logger.INFO: Imported "qui" (product_tag) [] []
[2021-02-28 15:34:00] merlin-logger.DEBUG: Term 179 remapped to 112 [] []
[2021-02-28 15:34:00] merlin-logger.INFO: Imported "quia" (product_tag) [] []
[2021-02-28 15:34:00] merlin-logger.DEBUG: Term 192 remapped to 113 [] []
[2021-02-28 15:34:00] merlin-logger.INFO: Imported "quis" (product_tag) [] []
[2021-02-28 15:34:00] merlin-logger.DEBUG: Term 177 remapped to 114 [] []
[2021-02-28 15:34:00] merlin-logger.INFO: Imported "quo" (product_tag) [] []
[2021-02-28 15:34:00] merlin-logger.DEBUG: Term 217 remapped to 115 [] []
[2021-02-28 15:34:00] merlin-logger.INFO: Imported "Red" (pa_color) [] []
[2021-02-28 15:34:00] merlin-logger.DEBUG: Term 83 remapped to 116 [] []
[2021-02-28 15:34:00] merlin-logger.INFO: Imported "repudiandae" (product_tag) [] []
[2021-02-28 15:34:00] merlin-logger.DEBUG: Term 135 remapped to 117 [] []
[2021-02-28 15:34:00] merlin-logger.INFO: Imported "rerum" (product_tag) [] []
[2021-02-28 15:34:00] merlin-logger.DEBUG: Term 136 remapped to 118 [] []
[2021-02-28 15:34:00] merlin-logger.INFO: Imported "S" (pa_size) [] []
[2021-02-28 15:34:00] merlin-logger.DEBUG: Term 58 remapped to 119 [] []
[2021-02-28 15:34:00] merlin-logger.INFO: Imported "section" (elementor_library_type) [] []
[2021-02-28 15:34:00] merlin-logger.DEBUG: Term 81 remapped to 120 [] []
[2021-02-28 15:34:00] merlin-logger.INFO: Imported "sequi" (product_tag) [] []
[2021-02-28 15:34:00] merlin-logger.DEBUG: Term 147 remapped to 121 [] []
[2021-02-28 15:34:00] merlin-logger.INFO: Imported "sit" (product_tag) [] []
[2021-02-28 15:34:00] merlin-logger.DEBUG: Term 208 remapped to 122 [] []
[2021-02-28 15:34:00] merlin-logger.INFO: Imported "Small" (pa_size) [] []
[2021-02-28 15:34:00] merlin-logger.DEBUG: Term 222 remapped to 123 [] []
[2021-02-28 15:34:00] merlin-logger.INFO: Imported "suscipit" (product_tag) [] []
[2021-02-28 15:34:00] merlin-logger.DEBUG: Term 214 remapped to 124 [] []
[2021-02-28 15:34:00] merlin-logger.INFO: Imported "unde" (product_tag) [] []
[2021-02-28 15:34:00] merlin-logger.DEBUG: Term 128 remapped to 125 [] []
[2021-02-28 15:34:00] merlin-logger.INFO: Imported "ut" (product_tag) [] []
[2021-02-28 15:34:00] merlin-logger.DEBUG: Term 153 remapped to 126 [] []
[2021-02-28 15:34:00] merlin-logger.INFO: Imported "Ut" (pa_numeric-size) [] []
[2021-02-28 15:34:00] merlin-logger.DEBUG: Term 164 remapped to 127 [] []
[2021-02-28 15:34:00] merlin-logger.INFO: Imported "vel" (product_tag) [] []
[2021-02-28 15:34:00] merlin-logger.DEBUG: Term 125 remapped to 128 [] []
[2021-02-28 15:34:00] merlin-logger.INFO: Imported "veniam" (product_tag) [] []
[2021-02-28 15:34:00] merlin-logger.DEBUG: Term 203 remapped to 129 [] []
[2021-02-28 15:34:00] merlin-logger.INFO: Imported "veritatis" (product_tag) [] []
[2021-02-28 15:34:00] merlin-logger.DEBUG: Term 178 remapped to 130 [] []
[2021-02-28 15:34:00] merlin-logger.INFO: Imported "Violet" (pa_color) [] []
[2021-02-28 15:34:00] merlin-logger.DEBUG: Term 174 remapped to 131 [] []
[2021-02-28 15:34:00] merlin-logger.INFO: Imported "voluptas" (product_tag) [] []
[2021-02-28 15:34:00] merlin-logger.DEBUG: Term 168 remapped to 132 [] []
[2021-02-28 15:34:00] merlin-logger.INFO: Imported "voluptatem" (product_tag) [] []
[2021-02-28 15:34:00] merlin-logger.DEBUG: Term 150 remapped to 133 [] []
[2021-02-28 15:34:00] merlin-logger.INFO: Imported "Voluptatem" (pa_color) [] []
[2021-02-28 15:34:00] merlin-logger.DEBUG: Term 172 remapped to 134 [] []
[2021-02-28 15:34:00] merlin-logger.INFO: Imported "White" (pa_color) [] []
[2021-02-28 15:34:00] merlin-logger.DEBUG: Term 63 remapped to 135 [] []
[2021-02-28 15:34:00] merlin-logger.INFO: Imported "XL" (pa_size) [] []
[2021-02-28 15:34:00] merlin-logger.DEBUG: Term 61 remapped to 136 [] []
[2021-02-28 15:34:00] merlin-logger.INFO: Imported "XXL" (pa_size) [] []
[2021-02-28 15:34:00] merlin-logger.DEBUG: Term 225 remapped to 137 [] []
[2021-02-28 15:34:00] merlin-logger.INFO: Imported "XXXL" (pa_size) [] []
[2021-02-28 15:34:00] merlin-logger.DEBUG: Term 226 remapped to 138 [] []
[2021-02-28 15:34:00] merlin-logger.INFO: Imported "Yellow" (pa_color) [] []
[2021-02-28 15:34:00] merlin-logger.DEBUG: Term 85 remapped to 139 [] []
[2021-02-28 15:34:03] merlin-logger.INFO: Imported "woocommerce-placeholder" (Медиа) [] []
[2021-02-28 15:34:03] merlin-logger.DEBUG: Post 4 remapped to 4 [] []
[2021-02-28 15:34:05] merlin-logger.INFO: Imported "placeholder" (Медиа) [] []
[2021-02-28 15:34:05] merlin-logger.DEBUG: Post 160 remapped to 340 [] []
[2021-02-28 15:34:06] merlin-logger.INFO: Imported "logo" (Медиа) [] []
[2021-02-28 15:34:06] merlin-logger.DEBUG: Post 251 remapped to 341 [] []
[2021-02-28 15:34:06] merlin-logger.INFO: Imported "" (Удирдлагын цэсний зүйл) [] []
[2021-02-28 15:34:06] merlin-logger.DEBUG: Post 258 remapped to 342 [] []
[2021-02-28 15:34:06] merlin-logger.DEBUG: Processing menu item post_type [] []
[2021-02-28 15:34:06] merlin-logger.INFO: Imported "" (Удирдлагын цэсний зүйл) [] []
[2021-02-28 15:34:06] merlin-logger.DEBUG: Post 259 remapped to 343 [] []
[2021-02-28 15:34:06] merlin-logger.DEBUG: Processing menu item post_type [] []
[2021-02-28 15:34:06] merlin-logger.INFO: Imported "" (Удирдлагын цэсний зүйл) [] []
[2021-02-28 15:34:06] merlin-logger.DEBUG: Post 260 remapped to 344 [] []
[2021-02-28 15:34:06] merlin-logger.DEBUG: Processing menu item post_type [] []
[2021-02-28 15:34:06] merlin-logger.INFO: Imported "" (Удирдлагын цэсний зүйл) [] []
[2021-02-28 15:34:06] merlin-logger.DEBUG: Post 261 remapped to 345 [] []
[2021-02-28 15:34:06] merlin-logger.DEBUG: Processing menu item post_type [] []
[2021-02-28 15:34:06] merlin-logger.INFO: Imported "logo-dark" (Медиа) [] []
[2021-02-28 15:34:06] merlin-logger.DEBUG: Post 262 remapped to 346 [] []
[2021-02-28 15:34:06] merlin-logger.INFO: Imported "" (Удирдлагын цэсний зүйл) [] []
[2021-02-28 15:34:06] merlin-logger.DEBUG: Post 263 remapped to 347 [] []
[2021-02-28 15:34:06] merlin-logger.DEBUG: Processing menu item post_type [] []
[2021-02-28 15:34:07] merlin-logger.INFO: Imported "vector1-h20" (Медиа) [] []
[2021-02-28 15:34:07] merlin-logger.DEBUG: Post 313 remapped to 348 [] []
[2021-02-28 15:34:10] merlin-logger.INFO: Imported "vector2-h20" (Медиа) [] []
[2021-02-28 15:34:10] merlin-logger.DEBUG: Post 314 remapped to 349 [] []
[2021-02-28 15:34:15] merlin-logger.INFO: Imported "vector1-h16" (Медиа) [] []
[2021-02-28 15:34:15] merlin-logger.DEBUG: Post 320 remapped to 350 [] []
[2021-02-28 15:34:17] merlin-logger.INFO: Imported "vector2-h16" (Медиа) [] []
[2021-02-28 15:34:17] merlin-logger.DEBUG: Post 321 remapped to 351 [] []
[2021-02-28 15:34:23] merlin-logger.INFO: Imported "vector1-h13" (Медиа) [] []
[2021-02-28 15:34:23] merlin-logger.DEBUG: Post 351 remapped to 352 [] []
[2021-02-28 15:34:23] merlin-logger.INFO: New AJAX call! [] []
[2021-02-28 15:34:26] merlin-logger.INFO: The content import AJAX call will be executed with this import data {"title":"Content","data":"/home/citycomputer/public_html/wp-content/themes/ekommart/dummy-data/content.xml"} []
[2021-02-28 15:34:32] merlin-logger.INFO: Imported "vector2-h13" (Медиа) [] []
[2021-02-28 15:34:32] merlin-logger.DEBUG: Post 354 remapped to 354 [] []
[2021-02-28 15:34:34] merlin-logger.INFO: Imported "About-1" (Медиа) [] []
[2021-02-28 15:34:34] merlin-logger.DEBUG: Post 634 remapped to 634 [] []
[2021-02-28 15:34:34] merlin-logger.INFO: Imported "contact-1" (Медиа) [] []
[2021-02-28 15:34:34] merlin-logger.DEBUG: Post 677 remapped to 677 [] []
[2021-02-28 15:34:34] merlin-logger.INFO: Imported "contact-2" (Медиа) [] []
[2021-02-28 15:34:34] merlin-logger.DEBUG: Post 678 remapped to 678 [] []
[2021-02-28 15:34:34] merlin-logger.INFO: Imported "contact-3" (Медиа) [] []
[2021-02-28 15:34:34] merlin-logger.DEBUG: Post 679 remapped to 679 [] []
[2021-02-28 15:34:35] merlin-logger.INFO: Imported "" (Удирдлагын цэсний зүйл) [] []
[2021-02-28 15:34:35] merlin-logger.DEBUG: Post 811 remapped to 811 [] []
[2021-02-28 15:34:35] merlin-logger.DEBUG: Processing menu item post_type [] []
[2021-02-28 15:34:35] merlin-logger.INFO: Imported "About" (Удирдлагын цэсний зүйл) [] []
[2021-02-28 15:34:35] merlin-logger.DEBUG: Post 812 remapped to 812 [] []
[2021-02-28 15:34:35] merlin-logger.DEBUG: Processing menu item post_type [] []
[2021-02-28 15:34:35] merlin-logger.INFO: Imported "" (Удирдлагын цэсний зүйл) [] []
[2021-02-28 15:34:35] merlin-logger.DEBUG: Post 813 remapped to 813 [] []
[2021-02-28 15:34:35] merlin-logger.DEBUG: Processing menu item post_type [] []
[2021-02-28 15:34:35] merlin-logger.INFO: Imported "about-1" (Медиа) [] []
[2021-02-28 15:34:35] merlin-logger.DEBUG: Post 962 remapped to 962 [] []
[2021-02-28 15:34:35] merlin-logger.INFO: Imported "about-2" (Медиа) [] []
[2021-02-28 15:34:35] merlin-logger.DEBUG: Post 963 remapped to 963 [] []
[2021-02-28 15:34:36] merlin-logger.INFO: Imported "about-3" (Медиа) [] []
[2021-02-28 15:34:36] merlin-logger.DEBUG: Post 964 remapped to 964 [] []
[2021-02-28 15:34:36] merlin-logger.INFO: Imported "about-4" (Медиа) [] []
[2021-02-28 15:34:36] merlin-logger.DEBUG: Post 965 remapped to 965 [] []
[2021-02-28 15:34:36] merlin-logger.INFO: Imported "#megamenu1702" (Template) [] []
[2021-02-28 15:34:36] merlin-logger.DEBUG: Post 1714 remapped to 1714 [] []
[2021-02-28 15:34:36] merlin-logger.INFO: Imported "Untitled-2" (Медиа) [] []
[2021-02-28 15:34:36] merlin-logger.DEBUG: Post 2230 remapped to 2230 [] []
[2021-02-28 15:34:36] merlin-logger.INFO: Imported "IMG home-1" (Медиа) [] []
[2021-02-28 15:34:36] merlin-logger.DEBUG: Post 2615 remapped to 2615 [] []
[2021-02-28 15:34:37] merlin-logger.INFO: Imported "home-5" (Медиа) [] []
[2021-02-28 15:34:37] merlin-logger.DEBUG: Post 2633 remapped to 2633 [] []
[2021-02-28 15:34:37] merlin-logger.INFO: Imported "home-6" (Медиа) [] []
[2021-02-28 15:34:37] merlin-logger.DEBUG: Post 2634 remapped to 2634 [] []
[2021-02-28 15:34:37] merlin-logger.INFO: Imported "home-18" (Медиа) [] []
[2021-02-28 15:34:37] merlin-logger.DEBUG: Post 2635 remapped to 2635 [] []
[2021-02-28 15:34:37] merlin-logger.INFO: Imported "home-11" (Медиа) [] []
[2021-02-28 15:34:37] merlin-logger.DEBUG: Post 2639 remapped to 2639 [] []
[2021-02-28 15:34:38] merlin-logger.INFO: Imported "home-13" (Медиа) [] []
[2021-02-28 15:34:38] merlin-logger.DEBUG: Post 2640 remapped to 2640 [] []
[2021-02-28 15:34:38] merlin-logger.INFO: Imported "home-16" (Медиа) [] []
[2021-02-28 15:34:38] merlin-logger.DEBUG: Post 2641 remapped to 2641 [] []
[2021-02-28 15:34:38] merlin-logger.INFO: Imported "home-17" (Медиа) [] []
[2021-02-28 15:34:38] merlin-logger.DEBUG: Post 2642 remapped to 2642 [] []
[2021-02-28 15:34:38] merlin-logger.INFO: Imported "#megamenu263" (Template) [] []
[2021-02-28 15:34:38] merlin-logger.DEBUG: Post 2654 remapped to 2654 [] []
[2021-02-28 15:34:40] merlin-logger.INFO: The content import AJAX call will be executed with this import data {"title":"Widgets","data":"/home/citycomputer/public_html/wp-content/themes/ekommart/dummy-data/widgets.json"} []
[2021-02-28 15:34:41] merlin-logger.DEBUG: Sidebar Archive :   Саяханы бичлэг - Latest Post - Imported Ангилал - Blog Categories - Imported Шошгон цуваа - Tags - Imported  Sidebar Single Post :   Саяханы бичлэг - Latest Post - Imported Ангилал - Blog Categories - Imported Шошгон цуваа - Tags - Imported  Footer Column 1 :   Саяханы бичлэг - Recent Posts - Imported  Footer Column 2 :   Удирдлагын цэс - Information - Imported  Footer Column 3 :   Удирдлагын цэс - My Account - Imported  Footer Column 4 :   Удирдлагын цэс - Services - Imported  Footer Column 5 :   Custom HTML - Contact Us - Imported  WooCommerce Shop :   Product Categories - Product categories - Imported Filter Products by Price - Filter by price - Imported Ekommart Filter Products by Attribute - Filter by Color - Imported Ekommart Filter Products by Attribute - Filter by Size - Imported  sidebar-1 : Sidebar does not exist in theme (moving widget to Inactive)  Product Categories - Product categories - Imported to Inactive Хайлт - Search - Imported to Inactive Filter Products by Price - Filter by price - Imported to Inactive woocommerce_rating_filter - Average rating - Site does not support widget Саяханы бичлэг - Recent Posts - Imported to Inactive Products - Products - Imported to Inactive woocommerce_top_rated_products - Top rated products - Site does not support widget Саяханы сэтгэгдэл - Recent Comments - Imported to Inactive Архив - Archives - Imported to Inactive Cart - Cart - Imported to Inactive Ангилал - Categories - Imported to Inactive Мета - Meta - Imported to Inactive woocommerce_recent_reviews - Recent reviews - Site does not support widget   [] []
[2021-02-28 15:34:43] merlin-logger.INFO: The content import AJAX call will be executed with this import data {"title":"After import setup","data":20} []
[2021-02-28 15:34:43] merlin-logger.INFO: Imported "Home 7" (Хуудас) [] []
[2021-02-28 15:34:43] merlin-logger.DEBUG: Post 842 remapped to 842 [] []
[2021-02-28 15:34:44] merlin-logger.INFO: Imported "banner1-h7" (Медиа) [] []
[2021-02-28 15:34:44] merlin-logger.DEBUG: Post 847 remapped to 847 [] []
[2021-02-28 15:34:44] merlin-logger.INFO: Imported "banner2-h7" (Медиа) [] []
[2021-02-28 15:34:44] merlin-logger.DEBUG: Post 848 remapped to 848 [] []
[2021-02-28 15:34:45] merlin-logger.INFO: Imported "banner3-h7" (Медиа) [] []
[2021-02-28 15:34:45] merlin-logger.DEBUG: Post 925 remapped to 925 [] []
[2021-02-28 15:34:45] merlin-logger.INFO: Imported "banner4-h7" (Медиа) [] []
[2021-02-28 15:34:45] merlin-logger.DEBUG: Post 926 remapped to 926 [] []
[2021-02-28 15:34:46] merlin-logger.INFO: Imported "banner5-h7" (Медиа) [] []
[2021-02-28 15:34:46] merlin-logger.DEBUG: Post 927 remapped to 927 [] []
[2021-02-28 15:34:47] merlin-logger.INFO: Imported "banner6-h7" (Медиа) [] []
[2021-02-28 15:34:47] merlin-logger.DEBUG: Post 1495 remapped to 1495 [] []
[2021-02-28 15:34:48] merlin-logger.INFO: Imported "banner7-h7" (Медиа) [] []
[2021-02-28 15:34:48] merlin-logger.DEBUG: Post 1548 remapped to 1548 [] []
[2021-02-28 15:34:48] merlin-logger.INFO: Imported "banner8-h7" (Медиа) [] []
[2021-02-28 15:34:48] merlin-logger.DEBUG: Post 1549 remapped to 1549 [] []
[2021-02-28 15:34:49] merlin-logger.INFO: Imported "banner9-h7" (Медиа) [] []
[2021-02-28 15:34:49] merlin-logger.DEBUG: Post 1550 remapped to 1550 [] []
[2021-02-28 15:34:49] merlin-logger.DEBUG: Running post-processing for post 4 [] []
[2021-02-28 15:34:49] merlin-logger.WARNING: Could not find the author for "woocommerce-placeholder" (post #4) [] []
[2021-02-28 15:34:49] merlin-logger.DEBUG: Post 4 was imported with author "admin", but could not be found [] []
[2021-02-28 15:34:49] merlin-logger.DEBUG: Post 4 was marked for post-processing, but none was required. [] []
[2021-02-28 15:34:49] merlin-logger.DEBUG: Running post-processing for post 340 [] []
[2021-02-28 15:34:49] merlin-logger.WARNING: Could not find the author for "placeholder" (post #340) [] []
[2021-02-28 15:34:49] merlin-logger.DEBUG: Post 340 was imported with author "admin", but could not be found [] []
[2021-02-28 15:34:49] merlin-logger.DEBUG: Post 340 was marked for post-processing, but none was required. [] []
[2021-02-28 15:34:49] merlin-logger.DEBUG: Running post-processing for post 341 [] []
[2021-02-28 15:34:49] merlin-logger.WARNING: Could not find the author for "logo" (post #341) [] []
[2021-02-28 15:34:49] merlin-logger.DEBUG: Post 341 was imported with author "admin", but could not be found [] []
[2021-02-28 15:34:49] merlin-logger.DEBUG: Post 341 was marked for post-processing, but none was required. [] []
[2021-02-28 15:34:49] merlin-logger.DEBUG: Running post-processing for post 342 [] []
[2021-02-28 15:34:49] merlin-logger.WARNING: Could not find the author for "" (post #342) [] []
[2021-02-28 15:34:49] merlin-logger.DEBUG: Post 342 was imported with author "admin", but could not be found [] []
[2021-02-28 15:34:49] merlin-logger.WARNING: Could not find the menu object for "" (post #342) [] []
[2021-02-28 15:34:49] merlin-logger.DEBUG: Post 342 was imported with object "166" of type "post_type", but could not be found [] []
[2021-02-28 15:34:49] merlin-logger.DEBUG: Post 342 was marked for post-processing, but none was required. [] []
[2021-02-28 15:34:49] merlin-logger.DEBUG: Running post-processing for post 343 [] []
[2021-02-28 15:34:49] merlin-logger.WARNING: Could not find the author for "" (post #343) [] []
[2021-02-28 15:34:49] merlin-logger.DEBUG: Post 343 was imported with author "admin", but could not be found [] []
[2021-02-28 15:34:49] merlin-logger.WARNING: Could not find the menu object for "" (post #343) [] []
[2021-02-28 15:34:49] merlin-logger.DEBUG: Post 343 was imported with object "164" of type "post_type", but could not be found [] []
[2021-02-28 15:34:49] merlin-logger.DEBUG: Post 343 was marked for post-processing, but none was required. [] []
[2021-02-28 15:34:49] merlin-logger.DEBUG: Running post-processing for post 344 [] []
[2021-02-28 15:34:49] merlin-logger.WARNING: Could not find the author for "" (post #344) [] []
[2021-02-28 15:34:49] merlin-logger.DEBUG: Post 344 was imported with author "admin", but could not be found [] []
[2021-02-28 15:34:49] merlin-logger.WARNING: Could not find the menu object for "" (post #344) [] []
[2021-02-28 15:34:49] merlin-logger.DEBUG: Post 344 was imported with object "163" of type "post_type", but could not be found [] []
[2021-02-28 15:34:49] merlin-logger.DEBUG: Post 344 was marked for post-processing, but none was required. [] []
[2021-02-28 15:34:49] merlin-logger.DEBUG: Running post-processing for post 345 [] []
[2021-02-28 15:34:49] merlin-logger.WARNING: Could not find the author for "" (post #345) [] []
[2021-02-28 15:34:49] merlin-logger.DEBUG: Post 345 was imported with author "admin", but could not be found [] []
[2021-02-28 15:34:49] merlin-logger.WARNING: Could not find the menu object for "" (post #345) [] []
[2021-02-28 15:34:49] merlin-logger.DEBUG: Post 345 was imported with object "162" of type "post_type", but could not be found [] []
[2021-02-28 15:34:49] merlin-logger.DEBUG: Post 345 was marked for post-processing, but none was required. [] []
[2021-02-28 15:34:49] merlin-logger.DEBUG: Running post-processing for post 346 [] []
[2021-02-28 15:34:49] merlin-logger.WARNING: Could not find the author for "logo-dark" (post #346) [] []
[2021-02-28 15:34:49] merlin-logger.DEBUG: Post 346 was imported with author "admin", but could not be found [] []
[2021-02-28 15:34:49] merlin-logger.DEBUG: Post 346 was marked for post-processing, but none was required. [] []
[2021-02-28 15:34:49] merlin-logger.DEBUG: Running post-processing for post 347 [] []
[2021-02-28 15:34:49] merlin-logger.WARNING: Could not find the author for "" (post #347) [] []
[2021-02-28 15:34:49] merlin-logger.DEBUG: Post 347 was imported with author "admin", but could not be found [] []
[2021-02-28 15:34:49] merlin-logger.WARNING: Could not find the menu object for "" (post #347) [] []
[2021-02-28 15:34:49] merlin-logger.DEBUG: Post 347 was imported with object "161" of type "post_type", but could not be found [] []
[2021-02-28 15:34:49] merlin-logger.DEBUG: Post 347 was marked for post-processing, but none was required. [] []
[2021-02-28 15:34:49] merlin-logger.DEBUG: Running post-processing for post 348 [] []
[2021-02-28 15:34:49] merlin-logger.WARNING: Could not find the author for "vector1-h20" (post #348) [] []
[2021-02-28 15:34:49] merlin-logger.DEBUG: Post 348 was imported with author "admin", but could not be found [] []
[2021-02-28 15:34:49] merlin-logger.DEBUG: Post 348 was marked for post-processing, but none was required. [] []
[2021-02-28 15:34:49] merlin-logger.DEBUG: Running post-processing for post 349 [] []
[2021-02-28 15:34:49] merlin-logger.WARNING: Could not find the author for "vector2-h20" (post #349) [] []
[2021-02-28 15:34:49] merlin-logger.DEBUG: Post 349 was imported with author "admin", but could not be found [] []
[2021-02-28 15:34:49] merlin-logger.DEBUG: Post 349 was marked for post-processing, but none was required. [] []
[2021-02-28 15:34:49] merlin-logger.DEBUG: Running post-processing for post 350 [] []
[2021-02-28 15:34:49] merlin-logger.WARNING: Could not find the author for "vector1-h16" (post #350) [] []
[2021-02-28 15:34:49] merlin-logger.DEBUG: Post 350 was imported with author "admin", but could not be found [] []
[2021-02-28 15:34:49] merlin-logger.DEBUG: Post 350 was marked for post-processing, but none was required. [] []
[2021-02-28 15:34:49] merlin-logger.DEBUG: Running post-processing for post 351 [] []
[2021-02-28 15:34:49] merlin-logger.WARNING: Could not find the author for "vector2-h16" (post #351) [] []
[2021-02-28 15:34:49] merlin-logger.DEBUG: Post 351 was imported with author "admin", but could not be found [] []
[2021-02-28 15:34:49] merlin-logger.DEBUG: Post 351 was marked for post-processing, but none was required. [] []
[2021-02-28 15:34:49] merlin-logger.DEBUG: Running post-processing for post 352 [] []
[2021-02-28 15:34:49] merlin-logger.WARNING: Could not find the author for "vector1-h13" (post #352) [] []
[2021-02-28 15:34:49] merlin-logger.DEBUG: Post 352 was imported with author "admin", but could not be found [] []
[2021-02-28 15:34:49] merlin-logger.DEBUG: Post 352 was marked for post-processing, but none was required. [] []
[2021-02-28 15:34:49] merlin-logger.DEBUG: Running post-processing for post 842 [] []
[2021-02-28 15:34:49] merlin-logger.WARNING: Could not find the author for "Home 7" (post #842) [] []
[2021-02-28 15:34:49] merlin-logger.DEBUG: Post 842 was imported with author "admin", but could not be found [] []
[2021-02-28 15:34:49] merlin-logger.DEBUG: Running post-processing for post 847 [] []
[2021-02-28 15:34:49] merlin-logger.WARNING: Could not find the author for "banner1-h7" (post #847) [] []
[2021-02-28 15:34:49] merlin-logger.DEBUG: Post 847 was imported with author "admin", but could not be found [] []
[2021-02-28 15:34:49] merlin-logger.DEBUG: Post 847 was marked for post-processing, but none was required. [] []
[2021-02-28 15:34:49] merlin-logger.DEBUG: Running post-processing for post 848 [] []
[2021-02-28 15:34:49] merlin-logger.WARNING: Could not find the author for "banner2-h7" (post #848) [] []
[2021-02-28 15:34:49] merlin-logger.DEBUG: Post 848 was imported with author "admin", but could not be found [] []
[2021-02-28 15:34:49] merlin-logger.DEBUG: Post 848 was marked for post-processing, but none was required. [] []
[2021-02-28 15:34:49] merlin-logger.DEBUG: Running post-processing for post 925 [] []
[2021-02-28 15:34:49] merlin-logger.WARNING: Could not find the author for "banner3-h7" (post #925) [] []
[2021-02-28 15:34:49] merlin-logger.DEBUG: Post 925 was imported with author "admin", but could not be found [] []
[2021-02-28 15:34:49] merlin-logger.DEBUG: Post 925 was marked for post-processing, but none was required. [] []
[2021-02-28 15:34:49] merlin-logger.DEBUG: Running post-processing for post 926 [] []
[2021-02-28 15:34:49] merlin-logger.WARNING: Could not find the author for "banner4-h7" (post #926) [] []
[2021-02-28 15:34:49] merlin-logger.DEBUG: Post 926 was imported with author "admin", but could not be found [] []
[2021-02-28 15:34:49] merlin-logger.DEBUG: Post 926 was marked for post-processing, but none was required. [] []
[2021-02-28 15:34:49] merlin-logger.DEBUG: Running post-processing for post 927 [] []
[2021-02-28 15:34:49] merlin-logger.WARNING: Could not find the author for "banner5-h7" (post #927) [] []
[2021-02-28 15:34:49] merlin-logger.DEBUG: Post 927 was imported with author "admin", but could not be found [] []
[2021-02-28 15:34:49] merlin-logger.DEBUG: Post 927 was marked for post-processing, but none was required. [] []
[2021-02-28 15:34:49] merlin-logger.DEBUG: Running post-processing for post 1495 [] []
[2021-02-28 15:34:49] merlin-logger.WARNING: Could not find the author for "banner6-h7" (post #1495) [] []
[2021-02-28 15:34:49] merlin-logger.DEBUG: Post 1495 was imported with author "admin", but could not be found [] []
[2021-02-28 15:34:49] merlin-logger.DEBUG: Post 1495 was marked for post-processing, but none was required. [] []
[2021-02-28 15:34:49] merlin-logger.DEBUG: Running post-processing for post 1548 [] []
[2021-02-28 15:34:49] merlin-logger.WARNING: Could not find the author for "banner7-h7" (post #1548) [] []
[2021-02-28 15:34:49] merlin-logger.DEBUG: Post 1548 was imported with author "admin", but could not be found [] []
[2021-02-28 15:34:49] merlin-logger.DEBUG: Post 1548 was marked for post-processing, but none was required. [] []
[2021-02-28 15:34:49] merlin-logger.DEBUG: Running post-processing for post 1549 [] []
[2021-02-28 15:34:49] merlin-logger.WARNING: Could not find the author for "banner8-h7" (post #1549) [] []
[2021-02-28 15:34:49] merlin-logger.DEBUG: Post 1549 was imported with author "admin", but could not be found [] []
[2021-02-28 15:34:49] merlin-logger.DEBUG: Post 1549 was marked for post-processing, but none was required. [] []
[2021-02-28 15:34:49] merlin-logger.DEBUG: Running post-processing for post 1550 [] []
[2021-02-28 15:34:49] merlin-logger.WARNING: Could not find the author for "banner9-h7" (post #1550) [] []
[2021-02-28 15:34:49] merlin-logger.DEBUG: Post 1550 was imported with author "admin", but could not be found [] []
[2021-02-28 15:34:49] merlin-logger.DEBUG: Post 1550 was marked for post-processing, but none was required. [] []
[2021-02-28 15:34:55] merlin-logger.DEBUG: The final step has been displayed [] []
[2021-02-28 15:36:32] merlin-logger.DEBUG: The welcome step has been displayed [] []
[2021-03-10 10:58:26] merlin-logger.DEBUG: The welcome step has been displayed [] []
[2021-03-10 10:58:32] merlin-logger.DEBUG: The child theme installation step has been displayed [] []
[2021-03-10 10:58:36] merlin-logger.DEBUG: The plugin installation step has been displayed [] []
[2021-03-10 10:58:41] merlin-logger.DEBUG: The content import step has been displayed [] []
